<?xml version="1.0" encoding="UTF-8"?>
<testng-results ignored="0" total="1" passed="1" failed="0" skipped="0">
  <reporter-output>
  </reporter-output>
  <suite started-at="2021-04-14T16:53:47 IST" name="Default suite" finished-at="2021-04-14T16:55:13 IST" duration-ms="85595">
    <groups>
    </groups>
    <test started-at="2021-04-14T16:53:47 IST" name="Default test" finished-at="2021-04-14T16:55:13 IST" duration-ms="85595">
      <class name="Practise.SeleniumProject.TestCase5">
        <test-method is-config="true" signature="bTest()[pri:0, instance:Practise.SeleniumProject.TestCase5@55b53d44]" started-at="2021-04-14T16:53:47 IST" name="bTest" finished-at="2021-04-14T16:53:58 IST" duration-ms="10931" status="PASS">
          <reporter-output>
          </reporter-output>
        </test-method> <!-- bTest -->
        <test-method signature="login()[pri:0, instance:Practise.SeleniumProject.TestCase5@55b53d44]" started-at="2021-04-14T16:53:58 IST" name="login" finished-at="2021-04-14T16:55:08 IST" duration-ms="69598" status="PASS">
          <reporter-output>
          </reporter-output>
        </test-method> <!-- login -->
        <test-method is-config="true" signature="aTest()[pri:0, instance:Practise.SeleniumProject.TestCase5@55b53d44]" started-at="2021-04-14T16:55:08 IST" name="aTest" finished-at="2021-04-14T16:55:13 IST" duration-ms="4957" status="PASS">
          <reporter-output>
          </reporter-output>
        </test-method> <!-- aTest -->
      </class> <!-- Practise.SeleniumProject.TestCase5 -->
    </test> <!-- Default test -->
  </suite> <!-- Default suite -->
</testng-results>
